[07:49] XSET Changed by Borderlad - system / loging / on
[07:50] Cleaning out the SEEN database triggered by Borderlad
[07:54] Cleaning out the SEEN database triggered by Borderlad
[07:56] Cleaning out the SEEN database triggered by Borderlad
[07:57] Cleaning out the SEEN database triggered by Borderlad
[07:59] Cleaning out the SEEN database triggered by Borderlad
[08:03] Cleaning out the SEEN database triggered by Borderlad
[08:03] Cleaning out the SEEN database triggered by Borderlad
[08:05] Cleaning out the SEEN database triggered by Borderlad
[08:06] Cleaning out the SEEN database triggered by Borderlad
[08:11] Cleaning out the SEEN database triggered by Borderlad
[08:13] Cleaning out the SEEN database triggered by Borderlad
[12:46] Borderlad is now logged in as an IRC operator
[13:19] Borderlad restarted the service
[13:19] Borderlad is now logged in as an IRC operator
[13:22] Borderlad attempted to DEOP service SysOp in channel #Lobby
[13:23] Borderlad attempted to DEOP service SysOp in channel #Lobby
[13:24] Borderlad attempted to DEOP service SysOp in channel #Lobby
[13:25] Borderlad attempted to DEOP service SysOp in channel #Lobby
[13:26] Borderlad attempted to DEOP service SysOp in channel #Lobby
[15:38] Sent email change verification for Borderlad - service@btctech.co.uk
[15:41] Sent email change verification for Borderlad - service@btctech.co.uk
[15:42] Sent email change verification for Borderlad - service@btctech.co.uk
[15:46] Sent email change verification for Borderlad - service@btctech.co.uk
[15:57] Sent email change verification for Borderlad - service@btctech.co.uk
[16:00] Sent email change verification for Borderlad - service@btctech.co.uk
[16:04] Sent email change verification for Borderlad - service@btctech.co.uk
[16:06] Sent email change verification for Borderlad - service@btctech.co.uk
[23:59] *** Starting Daily Tasks 23:59:00 ***
