[08:01] #House Deleted by Penguin
[23:59] *** Starting Daily Tasks 23:59:00 ***
[23:59] Removed expired nickname bigpaul
[23:59] Removed expired nickname gozart
[23:59] Removed expired nickname ememjammer
[23:59] Removed expired nickname tlccredit
[23:59] Removed expired nickname leecherxp
[23:59] Removed expired nickname rodrigodel
[23:59] Removed expired nickname clectistifs
[23:59] Removed expired nickname arinalions
[23:59] Removed expired nickname danyxaserom
[23:59] Removed expired nickname fasetmcmvf
[23:59] Removed expired nickname kristinaert
[23:59] Removed expired nickname ushere
[23:59] Removed expired nickname joerees
[23:59] Removed expired nickname lenco
[23:59] Removed expired nickname zarton
[23:59] Removed expired nickname cottinghamj
[23:59] Removed expired nickname rani
[23:59] Removed expired nickname barbos
[23:59] Removed expired nickname kannas
[23:59] Removed expired nickname marlborocig
[23:59] Removed expired nickname cindylav
[23:59] Removed expired nickname blackrose
[23:59] Removed expired nickname gurumugras
[23:59] Removed expired nickname banksy
[23:59] Removed expired nickname adrochim
[23:59] Removed expired nickname aalladinka
[23:59] Removed expired nickname dedikcoms
[23:59] Removed expired nickname topsalamp
[23:59] Removed expired nickname cbrown519
[23:59] Removed expired nickname toodyjege
[23:59] Removed expired nickname creativex
[23:59] Removed expired nickname amelyfox
[23:59] Removed expired nickname naelnd
[23:59] Removed expired nickname machete
[23:59] Removed expired nickname nikaragyaboy
[23:59] Removed expired nickname rocketeerbkw
[23:59] Removed expired nickname maxammo
[23:59] Removed expired nickname manojdhanani
[23:59] Removed expired nickname phillygeek
[23:59] Removed expired nickname hugove
[23:59] Removed expired nickname gamer
[23:59] Removed expired nickname osmorphyus
[23:59] Removed expired nickname dilbarjani
[23:59] Removed expired nickname ddsmcpeepee
[23:59] Removed expired nickname ctilexcom
[23:59] Removed expired nickname serkandor
[23:59] Removed expired nickname juanma
[23:59] Removed expired nickname sergio
[23:59] Removed expired nickname computronics
[23:59] Removed expired nickname crabkin
[23:59] Removed expired nickname rentawebguy
[23:59] Removed expired nickname bhosted
[23:59] Removed expired nickname kotavas
[23:59] Removed expired nickname westbark
[23:59] Removed expired nickname thesalientone
[23:59] Removed expired nickname badzodiac
[23:59] Removed expired nickname whippingboy
[23:59] Removed expired nickname dudeworks
[23:59] Removed expired nickname palexander
[23:59] Removed expired nickname gric
[23:59] Removed expired nickname uropian
[23:59] Removed expired nickname registration
[23:59] Removed expired nickname askarad
[23:59] Removed expired nickname fredl
[23:59] Removed expired nickname daspecials
[23:59] Removed expired nickname theme666
[23:59] *** Daily Tasks Complete ***
